2026-06-29 11:20:24.282 ERROR [ERROR-LOG] [com.example.WebApp] - Server encountered an unrecoverable error and is shutting down.
java.io.IOException: Failed to bind to 0.0.0.0/0.0.0.0:8080
	at org.eclipse.jetty.server.ServerConnector.openAcceptChannel(ServerConnector.java:349)
	at org.eclipse.jetty.server.ServerConnector.open(ServerConnector.java:310)
	at org.eclipse.jetty.server.AbstractNetworkConnector.doStart(AbstractNetworkConnector.java:80)
	at org.eclipse.jetty.server.ServerConnector.doStart(ServerConnector.java:234)
	at org.eclipse.jetty.util.component.AbstractLifeCycle.start(AbstractLifeCycle.java:73)
	at org.eclipse.jetty.server.Server.doStart(Server.java:401)
	at org.eclipse.jetty.util.component.AbstractLifeCycle.start(AbstractLifeCycle.java:73)
	at com.example.WebApp.main(WebApp.java:72)
	at org.codehaus.mojo.exec.ExecJavaMojo.doMain(ExecJavaMojo.java:385)
	at org.codehaus.mojo.exec.ExecJavaMojo.doExec(ExecJavaMojo.java:374)
	at org.codehaus.mojo.exec.ExecJavaMojo.lambda$execute$0(ExecJavaMojo.java:296)
	at java.base/java.lang.Thread.run(Thread.java:1474)
Caused by: java.net.BindException: Address already in use: bind
	at java.base/sun.nio.ch.Net.bind0(Native Method)
	at java.base/sun.nio.ch.Net.bind(Net.java:522)
	at java.base/sun.nio.ch.ServerSocketChannelImpl.netBind(ServerSocketChannelImpl.java:335)
	at java.base/sun.nio.ch.ServerSocketChannelImpl.bind(ServerSocketChannelImpl.java:297)
	at java.base/sun.nio.ch.ServerSocketAdaptor.bind(ServerSocketAdaptor.java:80)
	at org.eclipse.jetty.server.ServerConnector.openAcceptChannel(ServerConnector.java:344)
	... 11 more
2026-06-29 11:21:21.471 ERROR [ERROR-LOG] [com.example.WebApp] - Server encountered an unrecoverable error and is shutting down.
java.io.IOException: Failed to bind to 0.0.0.0/0.0.0.0:8080
	at org.eclipse.jetty.server.ServerConnector.openAcceptChannel(ServerConnector.java:349)
	at org.eclipse.jetty.server.ServerConnector.open(ServerConnector.java:310)
	at org.eclipse.jetty.server.AbstractNetworkConnector.doStart(AbstractNetworkConnector.java:80)
	at org.eclipse.jetty.server.ServerConnector.doStart(ServerConnector.java:234)
	at org.eclipse.jetty.util.component.AbstractLifeCycle.start(AbstractLifeCycle.java:73)
	at org.eclipse.jetty.server.Server.doStart(Server.java:401)
	at org.eclipse.jetty.util.component.AbstractLifeCycle.start(AbstractLifeCycle.java:73)
	at com.example.WebApp.main(WebApp.java:72)
	at org.codehaus.mojo.exec.ExecJavaMojo.doMain(ExecJavaMojo.java:385)
	at org.codehaus.mojo.exec.ExecJavaMojo.doExec(ExecJavaMojo.java:374)
	at org.codehaus.mojo.exec.ExecJavaMojo.lambda$execute$0(ExecJavaMojo.java:296)
	at java.base/java.lang.Thread.run(Thread.java:1474)
Caused by: java.net.BindException: Address already in use: bind
	at java.base/sun.nio.ch.Net.bind0(Native Method)
	at java.base/sun.nio.ch.Net.bind(Net.java:522)
	at java.base/sun.nio.ch.ServerSocketChannelImpl.netBind(ServerSocketChannelImpl.java:335)
	at java.base/sun.nio.ch.ServerSocketChannelImpl.bind(ServerSocketChannelImpl.java:297)
	at java.base/sun.nio.ch.ServerSocketAdaptor.bind(ServerSocketAdaptor.java:80)
	at org.eclipse.jetty.server.ServerConnector.openAcceptChannel(ServerConnector.java:344)
	... 11 more
